<?xml version="1.0" encoding="UTF-8"?>
<testsuite name="org.example.CalculatorTest" tests="6" skipped="0" failures="0" errors="0" timestamp="2022-09-24T07:29:41" hostname="DESKTOP-D2UI5N7" time="0.224">
  <properties/>
  <testcase name="Simple multiplication should work" classname="org.example.CalculatorTest" time="0.098"/>
  <testcase name="repetition 1 of 5" classname="org.example.CalculatorTest" time="0.007"/>
  <testcase name="repetition 2 of 5" classname="org.example.CalculatorTest" time="0.006"/>
  <testcase name="repetition 3 of 5" classname="org.example.CalculatorTest" time="0.004"/>
  <testcase name="repetition 4 of 5" classname="org.example.CalculatorTest" time="0.009"/>
  <testcase name="repetition 5 of 5" classname="org.example.CalculatorTest" time="0.016"/>
  <system-out><![CDATA[]]></system-out>
  <system-err><![CDATA[]]></system-err>
</testsuite>
